=== Budget Injection Smoke Test ===
Node: nid008225
Job ID: 50123598
Time: Mon Mar 16 12:11:56 AM PDT 2026

==========
== CUDA ==
==========

CUDA Version 12.8.1

Container image Copyright (c) 2016-2023, NVIDIA CORPORATION & AFFILIATES. All rights reserved.

This container image and its contents are governed by the NVIDIA Deep Learning Container License.
By pulling and using the container, you accept the terms and conditions of this license:
https://developer.nvidia.com/ngc/nvidia-deep-learning-container-license

A copy of this license is made available in this container at /NGC-DL-CONTAINER-LICENSE for your convenience.

=== Step 1: uv sync ===

=== Step 2: Verify imports ===
verifiers OK
Format: Budget: 2048/8192 tokens generated. ~6144 tokens remaining.
All imports OK

=== Step 3: Unit tests ===
============================= test session starts ==============================
platform linux -- Python 3.12.11, pytest-8.4.2, pluggy-1.6.0 -- /pscratch/sd/s/siddart2/budget-injection/prime-rl/.venv/bin/python3
cachedir: .pytest_cache
rootdir: /pscratch/sd/s/siddart2/budget-injection/budget_injection_env
configfile: pyproject.toml
plugins: typeguard-4.4.4, anyio-4.10.0, jaxtyping-0.3.2
collecting ... collected 9 items

../budget_injection_env/tests/test_budget_injection.py::test_absolute_format PASSED [ 11%]
../budget_injection_env/tests/test_budget_injection.py::test_ratio_format PASSED [ 22%]
../budget_injection_env/tests/test_budget_injection.py::test_urgency_early PASSED [ 33%]
../budget_injection_env/tests/test_budget_injection.py::test_urgency_mid PASSED [ 44%]
../budget_injection_env/tests/test_budget_injection.py::test_urgency_late PASSED [ 55%]
../budget_injection_env/tests/test_budget_injection.py::test_minimal_format PASSED [ 66%]
../budget_injection_env/tests/test_budget_injection.py::test_custom_template PASSED [ 77%]
../budget_injection_env/tests/test_budget_injection.py::test_zero_remaining PASSED [ 88%]
../budget_injection_env/tests/test_budget_injection.py::test_ratio_rounding PASSED [100%]

=============================== warnings summary ===============================
.venv/lib/python3.12/site-packages/prime_tunnel/models.py:7
  /pscratch/sd/s/siddart2/budget-injection/prime-rl/.venv/lib/python3.12/site-packages/prime_tunnel/models.py:7: PydanticDeprecatedSince20: Support for class-based `config` is deprecated, use ConfigDict instead. Deprecated in Pydantic V2.0 to be removed in V3.0. See Pydantic V2 Migration Guide at https://errors.pydantic.dev/2.12/migration/
    class TunnelInfo(BaseModel):

-- Docs: https://docs.pytest.org/en/stable/how-to/capture-warnings.html
========================= 9 passed, 1 warning in 2.82s =========================

=== Step 4: Check dataset ===
dataset
metadata.json
Dataset OK

=== Step 5: Baseline smoke test (5 steps, no injection) ===
[2m07:14:32[0m [1m   INFO[0m [1m[22mWrote subconfigs to outputs/smoke-baseline/configs[0m[0m
[2m07:14:32[0m [1m   INFO[0m [1m[22mUsing local->physical GPU mapping: {0: 0, 1: 1}[0m[0m
[2m07:14:32[0m [1m   INFO[0m [1m[22mStarting RL run[0m[0m
[2m07:14:32[0m [33m[1mWARNING[0m [33m[1m[22mNo inference config specified, skipping starting inference server. Make sure your inference server is running.[0m[0m
[2m07:14:32[0m [1m   INFO[0m [1m[22mStarting orchestrator process[0m[0m
[2m07:14:32[0m [1m   INFO[0m [1m[22mStarting trainer on GPU(s) 0 1[0m[0m
[2m07:14:32[0m [32m[1mSUCCESS[0m [32m[1m[22mStartup complete. Showing trainer logs...[0m[0m
W0316 07:14:36.122000 306 prime-rl/.venv/lib/python3.12/site-packages/torch/distributed/run.py:852] 
W0316 07:14:36.122000 306 prime-rl/.venv/lib/python3.12/site-packages/torch/distributed/run.py:852] *****************************************
W0316 07:14:36.122000 306 prime-rl/.venv/lib/python3.12/site-packages/torch/distributed/run.py:852] Setting OMP_NUM_THREADS environment variable for each process to be 1 in default, to avoid your system being overloaded, please further tune the variable for optimal performance in your application as needed. 
W0316 07:14:36.122000 306 prime-rl/.venv/lib/python3.12/site-packages/torch/distributed/run.py:852] *****************************************
[2m07:15:01[0m [31m[1m  ERROR[0m [31m[1m[22mError: Orchestrator failed with exit code 1[0m[0m
[2m07:15:01[0m [31m[1m  ERROR[0m [31m[1m[22mTerminating all processes...[0m[0m
W0316 07:15:06.613000 306 prime-rl/.venv/lib/python3.12/site-packages/torch/distributed/elastic/agent/server/api.py:739] Received 15 death signal, shutting down workers
W0316 07:15:06.614000 306 prime-rl/.venv/lib/python3.12/site-packages/torch/distributed/elastic/multiprocessing/api.py:1010] Sending process 373 closing signal SIGTERM
W0316 07:15:06.615000 306 prime-rl/.venv/lib/python3.12/site-packages/torch/distributed/elastic/multiprocessing/api.py:1010] Sending process 374 closing signal SIGTERM
